TensorFlow/gradleBuild/outputs/logs/manifest-merger-debug-report.txt
-- Merging decision tree log ---
manifest
ADDED from ekisan\TensorFlow\AndroidManifest.xml:18:1-50:12
INJECTED from ekisan\TensorFlow\AndroidManifest.xml:18:1-50:12
INJECTED from ekisan\TensorFlow\AndroidManifest.xml:18:1-50:12
INJECTED from ekisan\TensorFlow\AndroidManifest.xml:18:1-50:12
INJECTED from ekisan\TensorFlow\AndroidManifest.xml:18:1-50:12
	package
		ADDED from ekisan\TensorFlow\AndroidManifest.xml:20:5-44
		INJECTED from ekisan\TensorFlow\AndroidManifest.xml
		INJECTED from ekisan\TensorFlow\AndroidManifest.xml
	xmlns:android
		ADDED from ekisan\TensorFlow\AndroidManifest.xml:18:11-69
	android:versionCode
		ADDED from ekisan\TensorFlow\AndroidManifest.xml:19:5-28
		INJECTED from ekisan\TensorFlow\AndroidManifest.xml
		INJECTED from ekisan\TensorFlow\AndroidManifest.xml
uses-permission#android.permission.CAMERA
ADDED from ekisan\TensorFlow\AndroidManifest.xml:22:5-65
	android:name
		ADDED from ekisan\TensorFlow\AndroidManifest.xml:22:22-62
uses-feature#android.hardware.camera
ADDED from ekisan\TensorFlow\AndroidManifest.xml:23:5-60
	android:name
		ADDED from ekisan\TensorFlow\AndroidManifest.xml:23:19-57
uses-feature#android.hardware.camera.autofocus
ADDED from ekisan\TensorFlow\AndroidManifest.xml:24:5-70
	android:name
		ADDED from ekisan\TensorFlow\AndroidManifest.xml:24:19-67
uses-permission#android.permission.WRITE_EXTERNAL_STORAGE
ADDED from ekisan\TensorFlow\AndroidManifest.xml:25:5-80
	android:name
		ADDED from ekisan\TensorFlow\AndroidManifest.xml:25:22-78
uses-sdk
ADDED from ekisan\TensorFlow\AndroidManifest.xml:27:5-29:41
	android:targetSdkVersion
		ADDED from ekisan\TensorFlow\AndroidManifest.xml:29:9-38
application
ADDED from ekisan\TensorFlow\AndroidManifest.xml:31:5-48:19
	android:label
		ADDED from ekisan\TensorFlow\AndroidManifest.xml:32:9-41
	android:icon
		ADDED from ekisan\TensorFlow\AndroidManifest.xml:33:9-38
	android:allowBackup
		ADDED from ekisan\TensorFlow\AndroidManifest.xml:31:18-44
	android:theme
		ADDED from ekisan\TensorFlow\AndroidManifest.xml:34:9-45
activity#com.reachsumit.whichcaristhat.ClassifierActivity
ADDED from ekisan\TensorFlow\AndroidManifest.xml:36:9-47:20
	android:screenOrientation
		ADDED from ekisan\TensorFlow\AndroidManifest.xml:37:19-55
	android:label
		ADDED from ekisan\TensorFlow\AndroidManifest.xml:38:19-71
	android:name
		ADDED from ekisan\TensorFlow\AndroidManifest.xml:36:19-82
intent-filter#action:name:android.intent.action.MAIN+category:name:android.intent.category.LAUNCHER
ADDED from ekisan\TensorFlow\AndroidManifest.xml:39:13-42:29
action#android.intent.action.MAIN
ADDED from ekisan\TensorFlow\AndroidManifest.xml:40:17-69
	android:name
		ADDED from ekisan\TensorFlow\AndroidManifest.xml:40:25-66
category#android.intent.category.LAUNCHER
ADDED from ekisan\TensorFlow\AndroidManifest.xml:41:17-77
	android:name
		ADDED from ekisan\TensorFlow\AndroidManifest.xml:41:27-74
intent-filter#action:name:com.reachsumit.whichcaristhat.ClassifierActivity+category:name:android.intent.category.DEFAULT
ADDED from ekisan\TensorFlow\AndroidManifest.xml:43:1-46:17
action#com.reachsumit.whichcaristhat.ClassifierActivity
ADDED from ekisan\TensorFlow\AndroidManifest.xml:44:8-82
	android:name
		ADDED from ekisan\TensorFlow\AndroidManifest.xml:44:16-79
category#android.intent.category.DEFAULT
ADDED from ekisan\TensorFlow\AndroidManifest.xml:45:8-67
	android:name
		ADDED from ekisan\TensorFlow\AndroidManifest.xml:45:18-64